<?xml version="1.0" encoding="UTF-8"?>
<testng-results ignored="0" total="3" passed="2" failed="1" skipped="0">
  <reporter-output>
  </reporter-output>
  <suite started-at="2023-05-02T11:58:24 IST" name="Default suite" finished-at="2023-05-02T11:59:31 IST" duration-ms="66838">
    <groups>
    </groups>
    <test started-at="2023-05-02T11:58:24 IST" name="Default test" finished-at="2023-05-02T11:59:31 IST" duration-ms="66838">
      <class name="com.example.demo.Day_7.second">
        <test-method is-config="true" signature="beforeTest()[pri:0, instance:com.example.demo.Day_7.second@359f7cdf]" started-at="2023-05-02T11:58:24 IST" name="beforeTest" finished-at="2023-05-02T11:58:35 IST" duration-ms="10675" status="PASS">
          <reporter-output>
          </reporter-output>
        </test-method> <!-- beforeTest -->
        <test-method signature="TestCase1()[pri:0, instance:com.example.demo.Day_7.second@359f7cdf]" started-at="2023-05-02T11:58:35 IST" name="TestCase1" finished-at="2023-05-02T11:58:54 IST" duration-ms="19337" status="PASS">
          <reporter-output>
          </reporter-output>
        </test-method> <!-- TestCase1 -->
        <test-method signature="TestCase2()[pri:0, instance:com.example.demo.Day_7.second@359f7cdf]" started-at="2023-05-02T11:58:54 IST" name="TestCase2" finished-at="2023-05-02T11:59:13 IST" duration-ms="18477" status="PASS">
          <reporter-output>
          </reporter-output>
        </test-method> <!-- TestCase2 -->
        <test-method signature="TestCase3()[pri:0, instance:com.example.demo.Day_7.second@359f7cdf]" started-at="2023-05-02T11:59:13 IST" name="TestCase3" finished-at="2023-05-02T11:59:24 IST" duration-ms="11303" status="FAIL">
          <exception class="junit.framework.ComparisonFailure">
            <message>
              <![CDATA[expected:<[GoDaddy Domain Search - Buy and Register Available Domain Names]> but was:<[Domain Names, Websites, Hosting & Online Marketing Tools - GoDaddy IN]>]]>
            </message>
            <full-stacktrace>
              <![CDATA[junit.framework.ComparisonFailure: expected:<[GoDaddy Domain Search - Buy and Register Available Domain Names]> but was:<[Domain Names, Websites, Hosting & Online Marketing Tools - GoDaddy IN]>
at junit.framework.Assert.assertEquals(Assert.java:100)
at junit.framework.Assert.assertEquals(Assert.java:107)
at com.example.demo.Day_7.second.TestCase3(second.java:141)
at java.base/jdk.internal.reflect.DirectMethodHandleAccessor.invoke(DirectMethodHandleAccessor.java:104)
at java.base/java.lang.reflect.Method.invoke(Method.java:578)
at org.testng.internal.MethodInvocationHelper.invokeMethod(MethodInvocationHelper.java:133)
at org.testng.internal.TestInvoker.invokeMethod(TestInvoker.java:598)
at org.testng.internal.TestInvoker.invokeTestMethod(TestInvoker.java:173)
at org.testng.internal.MethodRunner.runInSequence(MethodRunner.java:46)
at org.testng.internal.TestInvoker$MethodInvocationAgent.invoke(TestInvoker.java:824)
at org.testng.internal.TestInvoker.invokeTestMethods(TestInvoker.java:146)
at org.testng.internal.TestMethodWorker.invokeTestMethods(TestMethodWorker.java:146)
at org.testng.internal.TestMethodWorker.run(TestMethodWorker.java:128)
at java.base/java.util.ArrayList.forEach(ArrayList.java:1511)
at org.testng.TestRunner.privateRun(TestRunner.java:794)
at org.testng.TestRunner.run(TestRunner.java:596)
at org.testng.SuiteRunner.runTest(SuiteRunner.java:377)
at org.testng.SuiteRunner.runSequentially(SuiteRunner.java:371)
at org.testng.SuiteRunner.privateRun(SuiteRunner.java:332)
at org.testng.SuiteRunner.run(SuiteRunner.java:276)
at org.testng.SuiteRunnerWorker.runSuite(SuiteRunnerWorker.java:53)
at org.testng.SuiteRunnerWorker.run(SuiteRunnerWorker.java:96)
at org.testng.TestNG.runSuitesSequentially(TestNG.java:1212)
at org.testng.TestNG.runSuitesLocally(TestNG.java:1134)
at org.testng.TestNG.runSuites(TestNG.java:1063)
at org.testng.TestNG.run(TestNG.java:1031)
at org.testng.remote.AbstractRemoteTestNG.run(AbstractRemoteTestNG.java:115)
at org.testng.remote.RemoteTestNG.initAndRun(RemoteTestNG.java:251)
at org.testng.remote.RemoteTestNG.main(RemoteTestNG.java:77)
]]>
            </full-stacktrace>
          </exception> <!-- junit.framework.ComparisonFailure -->
          <reporter-output>
          </reporter-output>
        </test-method> <!-- TestCase3 -->
        <test-method is-config="true" signature="afterTest()[pri:0, instance:com.example.demo.Day_7.second@359f7cdf]" started-at="2023-05-02T11:59:24 IST" name="afterTest" finished-at="2023-05-02T11:59:31 IST" duration-ms="7006" status="PASS">
          <reporter-output>
          </reporter-output>
        </test-method> <!-- afterTest -->
      </class> <!-- com.example.demo.Day_7.second -->
    </test> <!-- Default test -->
  </suite> <!-- Default suite -->
</testng-results>
