<?xml version="1.0" encoding="UTF-8"?>
<testng-results ignored="0" total="3" passed="3" failed="0" skipped="0">
  <reporter-output>
  </reporter-output>
  <suite started-at="2023-04-27T15:42:55 IST" name="Default suite" finished-at="2023-04-27T15:42:55 IST" duration-ms="62">
    <groups>
      <group name="smoke test">
        <method signature="NewTest.TC_001()[pri:0, instance:com.example.demo.Day_6.NewTest@4466af20]" name="TC_001" class="com.example.demo.Day_6.NewTest"/>
      </group> <!-- smoke test -->
      <group name="Regression test">
        <method signature="NewTest.TC_002()[pri:0, instance:com.example.demo.Day_6.NewTest@4466af20]" name="TC_002" class="com.example.demo.Day_6.NewTest"/>
        <method signature="NewTest.TC_003()[pri:0, instance:com.example.demo.Day_6.NewTest@4466af20]" name="TC_003" class="com.example.demo.Day_6.NewTest"/>
      </group> <!-- Regression test -->
    </groups>
    <test started-at="2023-04-27T15:42:55 IST" name="Default test" finished-at="2023-04-27T15:42:55 IST" duration-ms="62">
      <class name="com.example.demo.Day_6.NewTest">
        <test-method is-config="true" signature="beforeTest()[pri:0, instance:com.example.demo.Day_6.NewTest@4466af20]" started-at="2023-04-27T15:42:55 IST" name="beforeTest" finished-at="2023-04-27T15:42:55 IST" duration-ms="10" status="PASS">
          <reporter-output>
          </reporter-output>
        </test-method> <!-- beforeTest -->
        <test-method signature="TC_001()[pri:0, instance:com.example.demo.Day_6.NewTest@4466af20]" started-at="2023-04-27T15:42:55 IST" name="TC_001" finished-at="2023-04-27T15:42:55 IST" duration-ms="9" status="PASS">
          <reporter-output>
          </reporter-output>
        </test-method> <!-- TC_001 -->
        <test-method signature="TC_002()[pri:0, instance:com.example.demo.Day_6.NewTest@4466af20]" started-at="2023-04-27T15:42:55 IST" name="TC_002" finished-at="2023-04-27T15:42:55 IST" duration-ms="1" status="PASS">
          <reporter-output>
          </reporter-output>
        </test-method> <!-- TC_002 -->
        <test-method signature="TC_003()[pri:0, instance:com.example.demo.Day_6.NewTest@4466af20]" started-at="2023-04-27T15:42:55 IST" name="TC_003" finished-at="2023-04-27T15:42:55 IST" duration-ms="1" status="PASS">
          <reporter-output>
          </reporter-output>
        </test-method> <!-- TC_003 -->
        <test-method is-config="true" signature="afterTest()[pri:0, instance:com.example.demo.Day_6.NewTest@4466af20]" started-at="2023-04-27T15:42:55 IST" name="afterTest" finished-at="2023-04-27T15:42:55 IST" duration-ms="0" status="PASS">
          <reporter-output>
          </reporter-output>
        </test-method> <!-- afterTest -->
      </class> <!-- com.example.demo.Day_6.NewTest -->
    </test> <!-- Default test -->
  </suite> <!-- Default suite -->
</testng-results>
